# JRE version: Java(TM) SE Runtime Environment (8.0_91-b15) (build 1.8.0_91-b15)
# Java VM: Java HotSpot(TM) 64-Bit Server VM (25.91-b15 mixed mode windows-amd64 compressed oops)
Heap:
 PSYoungGen      total 658432K, used 190909K [0x00000000d5800000, 0x00000000fff00000, 0x0000000100000000)
  eden space 622592K, 30% used [0x00000000d5800000,0x00000000e0ebadf0,0x00000000fb800000)
  from space 35840K, 10% used [0x00000000fdc00000,0x00000000fdfb4718,0x00000000fff00000)
  to   space 36352K, 0% used [0x00000000fb800000,0x00000000fb800000,0x00000000fdb80000)
 ParOldGen       total 126976K, used 54196K [0x0000000080800000, 0x0000000088400000, 0x00000000d5800000)
  object space 126976K, 42% used [0x0000000080800000,0x0000000083ced350,0x0000000088400000)
 Metaspace       used 46758K, capacity 47494K, committed 48000K, reserved 1091584K
  class space    used 5236K, capacity 5385K, committed 5504K, reserved 1048576K
GC Heap History (10 events):
Event: 8.849 GC heap before
{Heap before GC invocations=14 (full 2):
 PSYoungGen      total 605696K, used 24686K [0x00000000d5800000, 0x00000000ff400000, 0x0000000100000000)
  eden space 580608K, 0% used [0x00000000d5800000,0x00000000d5800000,0x00000000f8f00000)
  from space 25088K, 98% used [0x00000000fdb80000,0x00000000ff39b978,0x00000000ff400000)
  to   space 38400K, 0% used [0x00000000fa900000,0x00000000fa900000,0x00000000fce80000)
 ParOldGen       total 87552K, used 32751K [0x0000000080800000, 0x0000000085d80000, 0x00000000d5800000)
  object space 87552K, 37% used [0x0000000080800000,0x00000000827fbeb0,0x0000000085d80000)
 Metaspace       used 34732K, capacity 35144K, committed 35416K, reserved 1081344K
  class space    used 4128K, capacity 4256K, committed 4352K, reserved 1048576K
Event: 8.921 GC heap after
Heap after GC invocations=14 (full 2):
 PSYoungGen      total 605696K, used 0K [0x00000000d5800000, 0x00000000ff400000, 0x0000000100000000)
  eden space 580608K, 0% used [0x00000000d5800000,0x00000000d5800000,0x00000000f8f00000)
  from space 25088K, 0% used [0x00000000fdb80000,0x00000000fdb80000,0x00000000ff400000)
  to   space 38400K, 0% used [0x00000000fa900000,0x00000000fa900000,0x00000000fce80000)
 ParOldGen       total 126976K, used 52580K [0x0000000080800000, 0x0000000088400000, 0x00000000d5800000)
  object space 126976K, 41% used [0x0000000080800000,0x0000000083b59220,0x0000000088400000)
 Metaspace       used 34732K, capacity 35144K, committed 35416K, reserved 1081344K
  class space    used 4128K, capacity 4256K, committed 4352K, reserved 1048576K
}
Event: 30.368 GC heap before
{Heap before GC invocations=15 (full 2):
 PSYoungGen      total 605696K, used 580608K [0x00000000d5800000, 0x00000000ff400000, 0x0000000100000000)
  eden space 580608K, 100% used [0x00000000d5800000,0x00000000f8f00000,0x00000000f8f00000)
  from space 25088K, 0% used [0x00000000fdb80000,0x00000000fdb80000,0x00000000ff400000)
  to   space 38400K, 0% used [0x00000000fa900000,0x00000000fa900000,0x00000000fce80000)
 ParOldGen       total 126976K, used 52580K [0x0000000080800000, 0x0000000088400000, 0x00000000d5800000)
  object space 126976K, 41% used [0x0000000080800000,0x0000000083b59220,0x0000000088400000)
 Metaspace       used 36866K, capacity 37454K, committed 37888K, reserved 1083392K
  class space    used 4378K, capacity 4514K, committed 4608K, reserved 1048576K
Event: 30.370 GC heap after
Heap after GC invocations=15 (full 2):
 PSYoungGen      total 645632K, used 3299K [0x00000000d5800000, 0x0000000100000000, 0x0000000100000000)
  eden space 607232K, 0% used [0x00000000d5800000,0x00000000d5800000,0x00000000fa900000)
  from space 38400K, 8% used [0x00000000fa900000,0x00000000fac38e48,0x00000000fce80000)
  to   space 38400K, 0% used [0x00000000fda80000,0x00000000fda80000,0x0000000100000000)
 ParOldGen       total 126976K, used 52588K [0x0000000080800000, 0x0000000088400000, 0x00000000d5800000)
  object space 126976K, 41% used [0x0000000080800000,0x0000000083b5b220,0x0000000088400000)
 Metaspace       used 36866K, capacity 37454K, committed 37888K, reserved 1083392K
  class space    used 4378K, capacity 4514K, committed 4608K, reserved 1048576K
}
Event: 48.463 GC heap before
{Heap before GC invocations=16 (full 2):
 PSYoungGen      total 645632K, used 610531K [0x00000000d5800000, 0x0000000100000000, 0x0000000100000000)
  eden space 607232K, 100% used [0x00000000d5800000,0x00000000fa900000,0x00000000fa900000)
  from space 38400K, 8% used [0x00000000fa900000,0x00000000fac38e48,0x00000000fce80000)
  to   space 38400K, 0% used [0x00000000fda80000,0x00000000fda80000,0x0000000100000000)
 ParOldGen       total 126976K, used 52588K [0x0000000080800000, 0x0000000088400000, 0x00000000d5800000)
  object space 126976K, 41% used [0x0000000080800000,0x0000000083b5b220,0x0000000088400000)
 Metaspace       used 46456K, capacity 47224K, committed 47744K, reserved 1091584K
  class space    used 5201K, capacity 5378K, committed 5504K, reserved 1048576K
Event: 48.470 GC heap after
Heap after GC invocations=16 (full 2):
 PSYoungGen      total 654848K, used 11661K [0x00000000d5800000, 0x00000000ffd00000, 0x0000000100000000)
  eden space 619520K, 0% used [0x00000000d5800000,0x00000000d5800000,0x00000000fb500000)
  from space 35328K, 33% used [0x00000000fda80000,0x00000000fe5e36a8,0x00000000ffd00000)
  to   space 36864K, 0% used [0x00000000fb500000,0x00000000fb500000,0x00000000fd900000)
 ParOldGen       total 126976K, used 54180K [0x0000000080800000, 0x0000000088400000, 0x00000000d5800000)
  object space 126976K, 42% used [0x0000000080800000,0x0000000083ce9350,0x0000000088400000)
 Metaspace       used 46456K, capacity 47224K, committed 47744K, reserved 1091584K
  class space    used 5201K, capacity 5378K, committed 5504K, reserved 1048576K
}
Event: 65.345 GC heap before
{Heap before GC invocations=17 (full 2):
 PSYoungGen      total 654848K, used 631181K [0x00000000d5800000, 0x00000000ffd00000, 0x0000000100000000)
  eden space 619520K, 100% used [0x00000000d5800000,0x00000000fb500000,0x00000000fb500000)
  from space 35328K, 33% used [0x00000000fda80000,0x00000000fe5e36a8,0x00000000ffd00000)
  to   space 36864K, 0% used [0x00000000fb500000,0x00000000fb500000,0x00000000fd900000)
 ParOldGen       total 126976K, used 54180K [0x0000000080800000, 0x0000000088400000, 0x00000000d5800000)
  object space 126976K, 42% used [0x0000000080800000,0x0000000083ce9350,0x0000000088400000)
 Metaspace       used 46737K, capacity 47494K, committed 48000K, reserved 1091584K
  class space    used 5235K, capacity 5385K, committed 5504K, reserved 1048576K
Event: 65.348 GC heap after
Heap after GC invocations=17 (full 2):
 PSYoungGen      total 656384K, used 4032K [0x00000000d5800000, 0x0000000100000000, 0x0000000100000000)
  eden space 619520K, 0% used [0x00000000d5800000,0x00000000d5800000,0x00000000fb500000)
  from space 36864K, 10% used [0x00000000fb500000,0x00000000fb8f0040,0x00000000fd900000)
  to   space 36864K, 0% used [0x00000000fdc00000,0x00000000fdc00000,0x0000000100000000)
 ParOldGen       total 126976K, used 54188K [0x0000000080800000, 0x0000000088400000, 0x00000000d5800000)
  object space 126976K, 42% used [0x0000000080800000,0x0000000083ceb350,0x0000000088400000)
 Metaspace       used 46737K, capacity 47494K, committed 48000K, reserved 1091584K
  class space    used 5235K, capacity 5385K, committed 5504K, reserved 1048576K
}
Event: 88.181 GC heap before
{Heap before GC invocations=18 (full 2):
 PSYoungGen      total 656384K, used 623552K [0x00000000d5800000, 0x0000000100000000, 0x0000000100000000)
  eden space 619520K, 100% used [0x00000000d5800000,0x00000000fb500000,0x00000000fb500000)
  from space 36864K, 10% used [0x00000000fb500000,0x00000000fb8f0040,0x00000000fd900000)
  to   space 36864K, 0% used [0x00000000fdc00000,0x00000000fdc00000,0x0000000100000000)
 ParOldGen       total 126976K, used 54188K [0x0000000080800000, 0x0000000088400000, 0x00000000d5800000)
  object space 126976K, 42% used [0x0000000080800000,0x0000000083ceb350,0x0000000088400000)
 Metaspace       used 46740K, capacity 47494K, committed 48000K, reserved 1091584K
  class space    used 5235K, capacity 5385K, committed 5504K, reserved 1048576K
Event: 88.184 GC heap after
Heap after GC invocations=18 (full 2):
 PSYoungGen      total 658432K, used 3793K [0x00000000d5800000, 0x00000000fff00000, 0x0000000100000000)
  eden space 622592K, 0% used [0x00000000d5800000,0x00000000d5800000,0x00000000fb800000)
  from space 35840K, 10% used [0x00000000fdc00000,0x00000000fdfb4718,0x00000000fff00000)
  to   space 36352K, 0% used [0x00000000fb800000,0x00000000fb800000,0x00000000fdb80000)
 ParOldGen       total 126976K, used 54196K [0x0000000080800000, 0x0000000088400000, 0x00000000d5800000)
  object space 126976K, 42% used [0x0000000080800000,0x0000000083ced350,0x0000000088400000)
 Metaspace       used 46740K, capacity 47494K, committed 48000K, reserved 1091584K
  class space    used 5235K, capacity 5385K, committed 5504K, reserved 1048576K
}

