# JRE version: Java(TM) SE Runtime Environment (8.0_91-b15) (build 1.8.0_91-b15)
# Java VM: Java HotSpot(TM) 64-Bit Server VM (25.91-b15 mixed mode windows-amd64 compressed oops)
Heap:
 PSYoungGen      total 625664K, used 523305K [0x00000000d5800000, 0x0000000100000000, 0x0000000100000000)
  eden space 555008K, 81% used [0x00000000d5800000,0x00000000f1210770,0x00000000f7600000)
  from space 70656K, 99% used [0x00000000f7600000,0x00000000fbaf9f20,0x00000000fbb00000)
  to   space 70656K, 0% used [0x00000000fbb00000,0x00000000fbb00000,0x0000000100000000)
 ParOldGen       total 214528K, used 115287K [0x0000000080800000, 0x000000008d980000, 0x00000000d5800000)
  object space 214528K, 53% used [0x0000000080800000,0x0000000087895d60,0x000000008d980000)
 Metaspace       used 67404K, capacity 68266K, committed 68736K, reserved 1110016K
  class space    used 8222K, capacity 8449K, committed 8576K, reserved 1048576K
GC Heap History (10 events):
Event: 171.790 GC heap before
{Heap before GC invocations=24 (full 2):
 PSYoungGen      total 550400K, used 550385K [0x00000000d5800000, 0x00000000fbd00000, 0x0000000100000000)
  eden space 518144K, 100% used [0x00000000d5800000,0x00000000f5200000,0x00000000f5200000)
  from space 32256K, 99% used [0x00000000f8180000,0x00000000fa0fc610,0x00000000fa100000)
  to   space 28672K, 0% used [0x00000000fa100000,0x00000000fa100000,0x00000000fbd00000)
 ParOldGen       total 130560K, used 74702K [0x0000000080800000, 0x0000000088780000, 0x00000000d5800000)
  object space 130560K, 57% used [0x0000000080800000,0x00000000850f3a40,0x0000000088780000)
 Metaspace       used 41171K, capacity 41936K, committed 42240K, reserved 1087488K
  class space    used 4837K, capacity 4998K, committed 5120K, reserved 1048576K
Event: 171.824 GC heap after
Heap after GC invocations=24 (full 2):
 PSYoungGen      total 560128K, used 28671K [0x00000000d5800000, 0x0000000100000000, 0x0000000100000000)
  eden space 531456K, 0% used [0x00000000d5800000,0x00000000d5800000,0x00000000f5f00000)
  from space 28672K, 99% used [0x00000000fa100000,0x00000000fbcffc78,0x00000000fbd00000)
  to   space 67584K, 0% used [0x00000000f5f00000,0x00000000f5f00000,0x00000000fa100000)
 ParOldGen       total 130560K, used 125335K [0x0000000080800000, 0x0000000088780000, 0x00000000d5800000)
  object space 130560K, 95% used [0x0000000080800000,0x0000000088265c98,0x0000000088780000)
 Metaspace       used 41171K, capacity 41936K, committed 42240K, reserved 1087488K
  class space    used 4837K, capacity 4998K, committed 5120K, reserved 1048576K
}
Event: 171.824 GC heap before
{Heap before GC invocations=25 (full 3):
 PSYoungGen      total 560128K, used 28671K [0x00000000d5800000, 0x0000000100000000, 0x0000000100000000)
  eden space 531456K, 0% used [0x00000000d5800000,0x00000000d5800000,0x00000000f5f00000)
  from space 28672K, 99% used [0x00000000fa100000,0x00000000fbcffc78,0x00000000fbd00000)
  to   space 67584K, 0% used [0x00000000f5f00000,0x00000000f5f00000,0x00000000fa100000)
 ParOldGen       total 130560K, used 125335K [0x0000000080800000, 0x0000000088780000, 0x00000000d5800000)
  object space 130560K, 95% used [0x0000000080800000,0x0000000088265c98,0x0000000088780000)
 Metaspace       used 41171K, capacity 41936K, committed 42240K, reserved 1087488K
  class space    used 4837K, capacity 4998K, committed 5120K, reserved 1048576K
Event: 171.910 GC heap after
Heap after GC invocations=25 (full 3):
 PSYoungGen      total 560128K, used 0K [0x00000000d5800000, 0x0000000100000000, 0x0000000100000000)
  eden space 531456K, 0% used [0x00000000d5800000,0x00000000d5800000,0x00000000f5f00000)
  from space 28672K, 0% used [0x00000000fa100000,0x00000000fa100000,0x00000000fbd00000)
  to   space 67584K, 0% used [0x00000000f5f00000,0x00000000f5f00000,0x00000000fa100000)
 ParOldGen       total 214528K, used 95122K [0x0000000080800000, 0x000000008d980000, 0x00000000d5800000)
  object space 214528K, 44% used [0x0000000080800000,0x00000000864e4950,0x000000008d980000)
 Metaspace       used 41055K, capacity 41656K, committed 42240K, reserved 1087488K
  class space    used 4833K, capacity 4990K, committed 5120K, reserved 1048576K
}
Event: 185.616 GC heap before
{Heap before GC invocations=26 (full 3):
 PSYoungGen      total 560128K, used 531456K [0x00000000d5800000, 0x0000000100000000, 0x0000000100000000)
  eden space 531456K, 100% used [0x00000000d5800000,0x00000000f5f00000,0x00000000f5f00000)
  from space 28672K, 0% used [0x00000000fa100000,0x00000000fa100000,0x00000000fbd00000)
  to   space 67584K, 0% used [0x00000000f5f00000,0x00000000f5f00000,0x00000000fa100000)
 ParOldGen       total 214528K, used 95122K [0x0000000080800000, 0x000000008d980000, 0x00000000d5800000)
  object space 214528K, 44% used [0x0000000080800000,0x00000000864e4950,0x000000008d980000)
 Metaspace       used 54156K, capacity 54846K, committed 55168K, reserved 1097728K
  class space    used 6510K, capacity 6715K, committed 6784K, reserved 1048576K
Event: 185.627 GC heap after
Heap after GC invocations=26 (full 3):
 PSYoungGen      total 599040K, used 22762K [0x00000000d5800000, 0x0000000100000000, 0x0000000100000000)
  eden space 531456K, 0% used [0x00000000d5800000,0x00000000d5800000,0x00000000f5f00000)
  from space 67584K, 33% used [0x00000000f5f00000,0x00000000f753a9b8,0x00000000fa100000)
  to   space 63488K, 0% used [0x00000000fc200000,0x00000000fc200000,0x0000000100000000)
 ParOldGen       total 214528K, used 95130K [0x0000000080800000, 0x000000008d980000, 0x00000000d5800000)
  object space 214528K, 44% used [0x0000000080800000,0x00000000864e6950,0x000000008d980000)
 Metaspace       used 54156K, capacity 54846K, committed 55168K, reserved 1097728K
  class space    used 6510K, capacity 6715K, committed 6784K, reserved 1048576K
}
Event: 187.373 GC heap before
{Heap before GC invocations=27 (full 3):
 PSYoungGen      total 599040K, used 554218K [0x00000000d5800000, 0x0000000100000000, 0x0000000100000000)
  eden space 531456K, 100% used [0x00000000d5800000,0x00000000f5f00000,0x00000000f5f00000)
  from space 67584K, 33% used [0x00000000f5f00000,0x00000000f753a9b8,0x00000000fa100000)
  to   space 63488K, 0% used [0x00000000fc200000,0x00000000fc200000,0x0000000100000000)
 ParOldGen       total 214528K, used 95130K [0x0000000080800000, 0x000000008d980000, 0x00000000d5800000)
  object space 214528K, 44% used [0x0000000080800000,0x00000000864e6950,0x000000008d980000)
 Metaspace       used 54210K, capacity 54990K, committed 55168K, reserved 1097728K
  class space    used 6514K, capacity 6719K, committed 6784K, reserved 1048576K
Event: 187.396 GC heap after
Heap after GC invocations=27 (full 3):
 PSYoungGen      total 618496K, used 50690K [0x00000000d5800000, 0x0000000100000000, 0x0000000100000000)
  eden space 555008K, 0% used [0x00000000d5800000,0x00000000d5800000,0x00000000f7600000)
  from space 63488K, 79% used [0x00000000fc200000,0x00000000ff3808f8,0x0000000100000000)
  to   space 70656K, 0% used [0x00000000f7600000,0x00000000f7600000,0x00000000fbb00000)
 ParOldGen       total 214528K, used 95138K [0x0000000080800000, 0x000000008d980000, 0x00000000d5800000)
  object space 214528K, 44% used [0x0000000080800000,0x00000000864e8950,0x000000008d980000)
 Metaspace       used 54210K, capacity 54990K, committed 55168K, reserved 1097728K
  class space    used 6514K, capacity 6719K, committed 6784K, reserved 1048576K
}
Event: 188.622 GC heap before
{Heap before GC invocations=28 (full 3):
 PSYoungGen      total 618496K, used 605698K [0x00000000d5800000, 0x0000000100000000, 0x0000000100000000)
  eden space 555008K, 100% used [0x00000000d5800000,0x00000000f7600000,0x00000000f7600000)
  from space 63488K, 79% used [0x00000000fc200000,0x00000000ff3808f8,0x0000000100000000)
  to   space 70656K, 0% used [0x00000000f7600000,0x00000000f7600000,0x00000000fbb00000)
 ParOldGen       total 214528K, used 95138K [0x0000000080800000, 0x000000008d980000, 0x00000000d5800000)
  object space 214528K, 44% used [0x0000000080800000,0x00000000864e8950,0x000000008d980000)
 Metaspace       used 54219K, capacity 55058K, committed 55168K, reserved 1097728K
  class space    used 6515K, capacity 6719K, committed 6784K, reserved 1048576K
Event: 188.653 GC heap after
Heap after GC invocations=28 (full 3):
 PSYoungGen      total 625664K, used 70631K [0x00000000d5800000, 0x0000000100000000, 0x0000000100000000)
  eden space 555008K, 0% used [0x00000000d5800000,0x00000000d5800000,0x00000000f7600000)
  from space 70656K, 99% used [0x00000000f7600000,0x00000000fbaf9f20,0x00000000fbb00000)
  to   space 70656K, 0% used [0x00000000fbb00000,0x00000000fbb00000,0x0000000100000000)
 ParOldGen       total 214528K, used 115287K [0x0000000080800000, 0x000000008d980000, 0x00000000d5800000)
  object space 214528K, 53% used [0x0000000080800000,0x0000000087895d60,0x000000008d980000)
 Metaspace       used 54219K, capacity 55058K, committed 55168K, reserved 1097728K
  class space    used 6515K, capacity 6719K, committed 6784K, reserved 1048576K
}

