# JRE version: Java(TM) SE Runtime Environment (8.0_91-b15) (build 1.8.0_91-b15)
# Java VM: Java HotSpot(TM) 64-Bit Server VM (25.91-b15 mixed mode windows-amd64 compressed oops)
Heap:
 PSYoungGen      total 658432K, used 140248K [0x00000000d5800000, 0x0000000100000000, 0x0000000100000000)
  eden space 620544K, 22% used [0x00000000d5800000,0x00000000de096130,0x00000000fb600000)
  from space 37888K, 1% used [0x00000000fdb00000,0x00000000fdb60000,0x0000000100000000)
  to   space 37888K, 0% used [0x00000000fb600000,0x00000000fb600000,0x00000000fdb00000)
 ParOldGen       total 129536K, used 55938K [0x0000000080800000, 0x0000000088680000, 0x00000000d5800000)
  object space 129536K, 43% used [0x0000000080800000,0x0000000083ea0ad0,0x0000000088680000)
 Metaspace       used 40639K, capacity 41350K, committed 41600K, reserved 1085440K
  class space    used 4774K, capacity 4937K, committed 4992K, reserved 1048576K
GC Heap History (10 events):
Event: 8.225 GC heap before
{Heap before GC invocations=14 (full 2):
 PSYoungGen      total 607232K, used 24680K [0x00000000d5800000, 0x00000000ff480000, 0x0000000100000000)
  eden space 582144K, 0% used [0x00000000d5800000,0x00000000d5800000,0x00000000f9080000)
  from space 25088K, 98% used [0x00000000fdc00000,0x00000000ff41a118,0x00000000ff480000)
  to   space 37888K, 0% used [0x00000000faa80000,0x00000000faa80000,0x00000000fcf80000)
 ParOldGen       total 95232K, used 36429K [0x0000000080800000, 0x0000000086500000, 0x00000000d5800000)
  object space 95232K, 38% used [0x0000000080800000,0x0000000082b93460,0x0000000086500000)
 Metaspace       used 34723K, capacity 35176K, committed 35416K, reserved 1081344K
  class space    used 4139K, capacity 4288K, committed 4352K, reserved 1048576K
Event: 8.277 GC heap after
Heap after GC invocations=14 (full 2):
 PSYoungGen      total 607232K, used 0K [0x00000000d5800000, 0x00000000ff480000, 0x0000000100000000)
  eden space 582144K, 0% used [0x00000000d5800000,0x00000000d5800000,0x00000000f9080000)
  from space 25088K, 0% used [0x00000000fdc00000,0x00000000fdc00000,0x00000000ff480000)
  to   space 37888K, 0% used [0x00000000faa80000,0x00000000faa80000,0x00000000fcf80000)
 ParOldGen       total 129536K, used 52162K [0x0000000080800000, 0x0000000088680000, 0x00000000d5800000)
  object space 129536K, 40% used [0x0000000080800000,0x0000000083af0948,0x0000000088680000)
 Metaspace       used 34723K, capacity 35176K, committed 35416K, reserved 1081344K
  class space    used 4139K, capacity 4288K, committed 4352K, reserved 1048576K
}
Event: 29.605 GC heap before
{Heap before GC invocations=15 (full 2):
 PSYoungGen      total 607232K, used 582144K [0x00000000d5800000, 0x00000000ff480000, 0x0000000100000000)
  eden space 582144K, 100% used [0x00000000d5800000,0x00000000f9080000,0x00000000f9080000)
  from space 25088K, 0% used [0x00000000fdc00000,0x00000000fdc00000,0x00000000ff480000)
  to   space 37888K, 0% used [0x00000000faa80000,0x00000000faa80000,0x00000000fcf80000)
 ParOldGen       total 129536K, used 52162K [0x0000000080800000, 0x0000000088680000, 0x00000000d5800000)
  object space 129536K, 40% used [0x0000000080800000,0x0000000083af0948,0x0000000088680000)
 Metaspace       used 40509K, capacity 41286K, committed 41600K, reserved 1085440K
  class space    used 4773K, capacity 4937K, committed 4992K, reserved 1048576K
Event: 29.612 GC heap after
Heap after GC invocations=15 (full 2):
 PSYoungGen      total 646656K, used 8888K [0x00000000d5800000, 0x0000000100000000, 0x0000000100000000)
  eden space 608768K, 0% used [0x00000000d5800000,0x00000000d5800000,0x00000000faa80000)
  from space 37888K, 23% used [0x00000000faa80000,0x00000000fb32e090,0x00000000fcf80000)
  to   space 37376K, 0% used [0x00000000fdb80000,0x00000000fdb80000,0x0000000100000000)
 ParOldGen       total 129536K, used 52170K [0x0000000080800000, 0x0000000088680000, 0x00000000d5800000)
  object space 129536K, 40% used [0x0000000080800000,0x0000000083af2948,0x0000000088680000)
 Metaspace       used 40509K, capacity 41286K, committed 41600K, reserved 1085440K
  class space    used 4773K, capacity 4937K, committed 4992K, reserved 1048576K
}
Event: 52.357 GC heap before
{Heap before GC invocations=16 (full 2):
 PSYoungGen      total 646656K, used 617656K [0x00000000d5800000, 0x0000000100000000, 0x0000000100000000)
  eden space 608768K, 100% used [0x00000000d5800000,0x00000000faa80000,0x00000000faa80000)
  from space 37888K, 23% used [0x00000000faa80000,0x00000000fb32e090,0x00000000fcf80000)
  to   space 37376K, 0% used [0x00000000fdb80000,0x00000000fdb80000,0x0000000100000000)
 ParOldGen       total 129536K, used 52170K [0x0000000080800000, 0x0000000088680000, 0x00000000d5800000)
  object space 129536K, 40% used [0x0000000080800000,0x0000000083af2948,0x0000000088680000)
 Metaspace       used 40513K, capacity 41286K, committed 41600K, reserved 1085440K
  class space    used 4773K, capacity 4937K, committed 4992K, reserved 1048576K
Event: 52.360 GC heap after
Heap after GC invocations=16 (full 2):
 PSYoungGen      total 657920K, used 288K [0x00000000d5800000, 0x0000000100000000, 0x0000000100000000)
  eden space 620544K, 0% used [0x00000000d5800000,0x00000000d5800000,0x00000000fb600000)
  from space 37376K, 0% used [0x00000000fdb80000,0x00000000fdbc8000,0x0000000100000000)
  to   space 37888K, 0% used [0x00000000fb600000,0x00000000fb600000,0x00000000fdb00000)
 ParOldGen       total 129536K, used 55930K [0x0000000080800000, 0x0000000088680000, 0x00000000d5800000)
  object space 129536K, 43% used [0x0000000080800000,0x0000000083e9ead0,0x0000000088680000)
 Metaspace       used 40513K, capacity 41286K, committed 41600K, reserved 1085440K
  class space    used 4773K, capacity 4937K, committed 4992K, reserved 1048576K
}
Event: 65.099 GC heap before
{Heap before GC invocations=17 (full 2):
 PSYoungGen      total 657920K, used 620832K [0x00000000d5800000, 0x0000000100000000, 0x0000000100000000)
  eden space 620544K, 100% used [0x00000000d5800000,0x00000000fb600000,0x00000000fb600000)
  from space 37376K, 0% used [0x00000000fdb80000,0x00000000fdbc8000,0x0000000100000000)
  to   space 37888K, 0% used [0x00000000fb600000,0x00000000fb600000,0x00000000fdb00000)
 ParOldGen       total 129536K, used 55930K [0x0000000080800000, 0x0000000088680000, 0x00000000d5800000)
  object space 129536K, 43% used [0x0000000080800000,0x0000000083e9ead0,0x0000000088680000)
 Metaspace       used 40622K, capacity 41350K, committed 41600K, reserved 1085440K
  class space    used 4773K, capacity 4937K, committed 4992K, reserved 1048576K
Event: 65.102 GC heap after
Heap after GC invocations=17 (full 2):
 PSYoungGen      total 658432K, used 1120K [0x00000000d5800000, 0x0000000100000000, 0x0000000100000000)
  eden space 620544K, 0% used [0x00000000d5800000,0x00000000d5800000,0x00000000fb600000)
  from space 37888K, 2% used [0x00000000fb600000,0x00000000fb718000,0x00000000fdb00000)
  to   space 37888K, 0% used [0x00000000fdb00000,0x00000000fdb00000,0x0000000100000000)
 ParOldGen       total 129536K, used 55938K [0x0000000080800000, 0x0000000088680000, 0x00000000d5800000)
  object space 129536K, 43% used [0x0000000080800000,0x0000000083ea0ad0,0x0000000088680000)
 Metaspace       used 40622K, capacity 41350K, committed 41600K, reserved 1085440K
  class space    used 4773K, capacity 4937K, committed 4992K, reserved 1048576K
}
Event: 87.916 GC heap before
{Heap before GC invocations=18 (full 2):
 PSYoungGen      total 658432K, used 621664K [0x00000000d5800000, 0x0000000100000000, 0x0000000100000000)
  eden space 620544K, 100% used [0x00000000d5800000,0x00000000fb600000,0x00000000fb600000)
  from space 37888K, 2% used [0x00000000fb600000,0x00000000fb718000,0x00000000fdb00000)
  to   space 37888K, 0% used [0x00000000fdb00000,0x00000000fdb00000,0x0000000100000000)
 ParOldGen       total 129536K, used 55938K [0x0000000080800000, 0x0000000088680000, 0x00000000d5800000)
  object space 129536K, 43% used [0x0000000080800000,0x0000000083ea0ad0,0x0000000088680000)
 Metaspace       used 40625K, capacity 41350K, committed 41600K, reserved 1085440K
  class space    used 4774K, capacity 4937K, committed 4992K, reserved 1048576K
Event: 87.918 GC heap after
Heap after GC invocations=18 (full 2):
 PSYoungGen      total 658432K, used 384K [0x00000000d5800000, 0x0000000100000000, 0x0000000100000000)
  eden space 620544K, 0% used [0x00000000d5800000,0x00000000d5800000,0x00000000fb600000)
  from space 37888K, 1% used [0x00000000fdb00000,0x00000000fdb60000,0x0000000100000000)
  to   space 37888K, 0% used [0x00000000fb600000,0x00000000fb600000,0x00000000fdb00000)
 ParOldGen       total 129536K, used 55938K [0x0000000080800000, 0x0000000088680000, 0x00000000d5800000)
  object space 129536K, 43% used [0x0000000080800000,0x0000000083ea0ad0,0x0000000088680000)
 Metaspace       used 40625K, capacity 41350K, committed 41600K, reserved 1085440K
  class space    used 4774K, capacity 4937K, committed 4992K, reserved 1048576K
}

