# JRE version: Java(TM) SE Runtime Environment (8.0_77-b03) (build 1.8.0_77-b03)
# Java VM: Java HotSpot(TM) 64-Bit Server VM (25.77-b03 mixed mode windows-amd64 compressed oops)
Heap:
 PSYoungGen      total 116736K, used 32847K [0x00000000d5800000, 0x00000000dd580000, 0x0000000100000000)
  eden space 116224K, 27% used [0x00000000d5800000,0x00000000d77c3d60,0x00000000dc980000)
  from space 512K, 62% used [0x00000000dd500000,0x00000000dd550000,0x00000000dd580000)
  to   space 1024K, 0% used [0x00000000dd380000,0x00000000dd380000,0x00000000dd480000)
 ParOldGen       total 177152K, used 124547K [0x0000000080800000, 0x000000008b500000, 0x00000000d5800000)
  object space 177152K, 70% used [0x0000000080800000,0x00000000881a0e30,0x000000008b500000)
 Metaspace       used 90904K, capacity 92330K, committed 92720K, reserved 1130496K
  class space    used 10680K, capacity 11003K, committed 11056K, reserved 1048576K
GC Heap History (10 events):
Event: 2587.761 GC heap before
{Heap before GC invocations=626 (full 4):
 PSYoungGen      total 122368K, used 121600K [0x00000000d5800000, 0x00000000dd700000, 0x0000000100000000)
  eden space 121344K, 100% used [0x00000000d5800000,0x00000000dce80000,0x00000000dce80000)
  from space 1024K, 25% used [0x00000000dce80000,0x00000000dcec0000,0x00000000dcf80000)
  to   space 1024K, 0% used [0x00000000dd600000,0x00000000dd600000,0x00000000dd700000)
 ParOldGen       total 177152K, used 124547K [0x0000000080800000, 0x000000008b500000, 0x00000000d5800000)
  object space 177152K, 70% used [0x0000000080800000,0x00000000881a0e30,0x000000008b500000)
 Metaspace       used 90903K, capacity 92330K, committed 92720K, reserved 1130496K
  class space    used 10680K, capacity 11003K, committed 11056K, reserved 1048576K
Event: 2587.763 GC heap after
Heap after GC invocations=626 (full 4):
 PSYoungGen      total 118784K, used 320K [0x00000000d5800000, 0x00000000dd680000, 0x0000000100000000)
  eden space 118272K, 0% used [0x00000000d5800000,0x00000000d5800000,0x00000000dcb80000)
  from space 512K, 62% used [0x00000000dd600000,0x00000000dd650000,0x00000000dd680000)
  to   space 1024K, 0% used [0x00000000dd480000,0x00000000dd480000,0x00000000dd580000)
 ParOldGen       total 177152K, used 124547K [0x0000000080800000, 0x000000008b500000, 0x00000000d5800000)
  object space 177152K, 70% used [0x0000000080800000,0x00000000881a0e30,0x000000008b500000)
 Metaspace       used 90903K, capacity 92330K, committed 92720K, reserved 1130496K
  class space    used 10680K, capacity 11003K, committed 11056K, reserved 1048576K
}
Event: 2588.354 GC heap before
{Heap before GC invocations=627 (full 4):
 PSYoungGen      total 118784K, used 118592K [0x00000000d5800000, 0x00000000dd680000, 0x0000000100000000)
  eden space 118272K, 100% used [0x00000000d5800000,0x00000000dcb80000,0x00000000dcb80000)
  from space 512K, 62% used [0x00000000dd600000,0x00000000dd650000,0x00000000dd680000)
  to   space 1024K, 0% used [0x00000000dd480000,0x00000000dd480000,0x00000000dd580000)
 ParOldGen       total 177152K, used 124547K [0x0000000080800000, 0x000000008b500000, 0x00000000d5800000)
  object space 177152K, 70% used [0x0000000080800000,0x00000000881a0e30,0x000000008b500000)
 Metaspace       used 90903K, capacity 92330K, committed 92720K, reserved 1130496K
  class space    used 10680K, capacity 11003K, committed 11056K, reserved 1048576K
Event: 2588.356 GC heap after
Heap after GC invocations=627 (full 4):
 PSYoungGen      total 116224K, used 384K [0x00000000d5800000, 0x00000000dd680000, 0x0000000100000000)
  eden space 115200K, 0% used [0x00000000d5800000,0x00000000d5800000,0x00000000dc880000)
  from space 1024K, 37% used [0x00000000dd480000,0x00000000dd4e0000,0x00000000dd580000)
  to   space 1024K, 0% used [0x00000000dd580000,0x00000000dd580000,0x00000000dd680000)
 ParOldGen       total 177152K, used 124547K [0x0000000080800000, 0x000000008b500000, 0x00000000d5800000)
  object space 177152K, 70% used [0x0000000080800000,0x00000000881a0e30,0x000000008b500000)
 Metaspace       used 90903K, capacity 92330K, committed 92720K, reserved 1130496K
  class space    used 10680K, capacity 11003K, committed 11056K, reserved 1048576K
}
Event: 2598.955 GC heap before
{Heap before GC invocations=628 (full 4):
 PSYoungGen      total 116224K, used 115584K [0x00000000d5800000, 0x00000000dd680000, 0x0000000100000000)
  eden space 115200K, 100% used [0x00000000d5800000,0x00000000dc880000,0x00000000dc880000)
  from space 1024K, 37% used [0x00000000dd480000,0x00000000dd4e0000,0x00000000dd580000)
  to   space 1024K, 0% used [0x00000000dd580000,0x00000000dd580000,0x00000000dd680000)
 ParOldGen       total 177152K, used 124547K [0x0000000080800000, 0x000000008b500000, 0x00000000d5800000)
  object space 177152K, 70% used [0x0000000080800000,0x00000000881a0e30,0x000000008b500000)
 Metaspace       used 90903K, capacity 92330K, committed 92720K, reserved 1130496K
  class space    used 10680K, capacity 11003K, committed 11056K, reserved 1048576K
Event: 2598.957 GC heap after
Heap after GC invocations=628 (full 4):
 PSYoungGen      total 113152K, used 320K [0x00000000d5800000, 0x00000000dd600000, 0x0000000100000000)
  eden space 112640K, 0% used [0x00000000d5800000,0x00000000d5800000,0x00000000dc600000)
  from space 512K, 62% used [0x00000000dd580000,0x00000000dd5d0000,0x00000000dd600000)
  to   space 1024K, 0% used [0x00000000dd400000,0x00000000dd400000,0x00000000dd500000)
 ParOldGen       total 177152K, used 124547K [0x0000000080800000, 0x000000008b500000, 0x00000000d5800000)
  object space 177152K, 70% used [0x0000000080800000,0x00000000881a0e30,0x000000008b500000)
 Metaspace       used 90903K, capacity 92330K, committed 92720K, reserved 1130496K
  class space    used 10680K, capacity 11003K, committed 11056K, reserved 1048576K
}
Event: 2599.523 GC heap before
{Heap before GC invocations=629 (full 4):
 PSYoungGen      total 113152K, used 112960K [0x00000000d5800000, 0x00000000dd600000, 0x0000000100000000)
  eden space 112640K, 100% used [0x00000000d5800000,0x00000000dc600000,0x00000000dc600000)
  from space 512K, 62% used [0x00000000dd580000,0x00000000dd5d0000,0x00000000dd600000)
  to   space 1024K, 0% used [0x00000000dd400000,0x00000000dd400000,0x00000000dd500000)
 ParOldGen       total 177152K, used 124547K [0x0000000080800000, 0x000000008b500000, 0x00000000d5800000)
  object space 177152K, 70% used [0x0000000080800000,0x00000000881a0e30,0x000000008b500000)
 Metaspace       used 90903K, capacity 92330K, committed 92720K, reserved 1130496K
  class space    used 10680K, capacity 11003K, committed 11056K, reserved 1048576K
Event: 2599.525 GC heap after
Heap after GC invocations=629 (full 4):
 PSYoungGen      total 111104K, used 352K [0x00000000d5800000, 0x00000000dd600000, 0x0000000100000000)
  eden space 110080K, 0% used [0x00000000d5800000,0x00000000d5800000,0x00000000dc380000)
  from space 1024K, 34% used [0x00000000dd400000,0x00000000dd458000,0x00000000dd500000)
  to   space 1024K, 0% used [0x00000000dd500000,0x00000000dd500000,0x00000000dd600000)
 ParOldGen       total 177152K, used 124547K [0x0000000080800000, 0x000000008b500000, 0x00000000d5800000)
  object space 177152K, 70% used [0x0000000080800000,0x00000000881a0e30,0x000000008b500000)
 Metaspace       used 90903K, capacity 92330K, committed 92720K, reserved 1130496K
  class space    used 10680K, capacity 11003K, committed 11056K, reserved 1048576K
}
Event: 2600.092 GC heap before
{Heap before GC invocations=630 (full 4):
 PSYoungGen      total 111104K, used 110432K [0x00000000d5800000, 0x00000000dd600000, 0x0000000100000000)
  eden space 110080K, 100% used [0x00000000d5800000,0x00000000dc380000,0x00000000dc380000)
  from space 1024K, 34% used [0x00000000dd400000,0x00000000dd458000,0x00000000dd500000)
  to   space 1024K, 0% used [0x00000000dd500000,0x00000000dd500000,0x00000000dd600000)
 ParOldGen       total 177152K, used 124547K [0x0000000080800000, 0x000000008b500000, 0x00000000d5800000)
  object space 177152K, 70% used [0x0000000080800000,0x00000000881a0e30,0x000000008b500000)
 Metaspace       used 90903K, capacity 92330K, committed 92720K, reserved 1130496K
  class space    used 10680K, capacity 11003K, committed 11056K, reserved 1048576K
Event: 2600.094 GC heap after
Heap after GC invocations=630 (full 4):
 PSYoungGen      total 116736K, used 320K [0x00000000d5800000, 0x00000000dd580000, 0x0000000100000000)
  eden space 116224K, 0% used [0x00000000d5800000,0x00000000d5800000,0x00000000dc980000)
  from space 512K, 62% used [0x00000000dd500000,0x00000000dd550000,0x00000000dd580000)
  to   space 1024K, 0% used [0x00000000dd380000,0x00000000dd380000,0x00000000dd480000)
 ParOldGen       total 177152K, used 124547K [0x0000000080800000, 0x000000008b500000, 0x00000000d5800000)
  object space 177152K, 70% used [0x0000000080800000,0x00000000881a0e30,0x000000008b500000)
 Metaspace       used 90903K, capacity 92330K, committed 92720K, reserved 1130496K
  class space    used 10680K, capacity 11003K, committed 11056K, reserved 1048576K
}

