# JRE version: Java(TM) SE Runtime Environment (8.0_91-b15) (build 1.8.0_91-b15)
# Java VM: Java HotSpot(TM) 64-Bit Server VM (25.91-b15 mixed mode windows-amd64 compressed oops)
Heap:
 PSYoungGen      total 624640K, used 292980K [0x00000000d5800000, 0x0000000100000000, 0x0000000100000000)
  eden space 552960K, 50% used [0x00000000d5800000,0x00000000e6625d18,0x00000000f7400000)
  from space 71680K, 22% used [0x00000000f7400000,0x00000000f83f74c8,0x00000000fba00000)
  to   space 68608K, 0% used [0x00000000fbd00000,0x00000000fbd00000,0x0000000100000000)
 ParOldGen       total 216576K, used 94466K [0x0000000080800000, 0x000000008db80000, 0x00000000d5800000)
  object space 216576K, 43% used [0x0000000080800000,0x00000000864409f8,0x000000008db80000)
 Metaspace       used 54575K, capacity 55394K, committed 55808K, reserved 1097728K
  class space    used 6562K, capacity 6799K, committed 6912K, reserved 1048576K
GC Heap History (10 events):
Event: 87.979 GC heap before
{Heap before GC invocations=18 (full 2):
 PSYoungGen      total 657408K, used 624431K [0x00000000d5800000, 0x0000000100000000, 0x0000000100000000)
  eden space 620032K, 100% used [0x00000000d5800000,0x00000000fb580000,0x00000000fb580000)
  from space 37376K, 11% used [0x00000000fb580000,0x00000000fb9cbc60,0x00000000fda00000)
  to   space 37376K, 0% used [0x00000000fdb80000,0x00000000fdb80000,0x0000000100000000)
 ParOldGen       total 132096K, used 52529K [0x0000000080800000, 0x0000000088900000, 0x00000000d5800000)
  object space 132096K, 39% used [0x0000000080800000,0x0000000083b4c688,0x0000000088900000)
 Metaspace       used 40948K, capacity 41728K, committed 41856K, reserved 1085440K
  class space    used 4817K, capacity 4984K, committed 4992K, reserved 1048576K
Event: 87.982 GC heap after
Heap after GC invocations=18 (full 2):
 PSYoungGen      total 657920K, used 4237K [0x00000000d5800000, 0x00000000fff00000, 0x0000000100000000)
  eden space 621568K, 0% used [0x00000000d5800000,0x00000000d5800000,0x00000000fb700000)
  from space 36352K, 11% used [0x00000000fdb80000,0x00000000fdfa3578,0x00000000fff00000)
  to   space 36864K, 0% used [0x00000000fb700000,0x00000000fb700000,0x00000000fdb00000)
 ParOldGen       total 132096K, used 52537K [0x0000000080800000, 0x0000000088900000, 0x00000000d5800000)
  object space 132096K, 39% used [0x0000000080800000,0x0000000083b4e688,0x0000000088900000)
 Metaspace       used 40948K, capacity 41728K, committed 41856K, reserved 1085440K
  class space    used 4817K, capacity 4984K, committed 4992K, reserved 1048576K
}
Event: 92.067 GC heap before
{Heap before GC invocations=19 (full 2):
 PSYoungGen      total 657920K, used 625805K [0x00000000d5800000, 0x00000000fff00000, 0x0000000100000000)
  eden space 621568K, 100% used [0x00000000d5800000,0x00000000fb700000,0x00000000fb700000)
  from space 36352K, 11% used [0x00000000fdb80000,0x00000000fdfa3578,0x00000000fff00000)
  to   space 36864K, 0% used [0x00000000fb700000,0x00000000fb700000,0x00000000fdb00000)
 ParOldGen       total 132096K, used 52537K [0x0000000080800000, 0x0000000088900000, 0x00000000d5800000)
  object space 132096K, 39% used [0x0000000080800000,0x0000000083b4e688,0x0000000088900000)
 Metaspace       used 41277K, capacity 42078K, committed 42240K, reserved 1087488K
  class space    used 4850K, capacity 5038K, committed 5120K, reserved 1048576K
Event: 92.094 GC heap after
Heap after GC invocations=19 (full 2):
 PSYoungGen      total 658432K, used 36854K [0x00000000d5800000, 0x0000000100000000, 0x0000000100000000)
  eden space 621568K, 0% used [0x00000000d5800000,0x00000000d5800000,0x00000000fb700000)
  from space 36864K, 99% used [0x00000000fb700000,0x00000000fdafda08,0x00000000fdb00000)
  to   space 37888K, 0% used [0x00000000fdb00000,0x00000000fdb00000,0x0000000100000000)
 ParOldGen       total 132096K, used 79598K [0x0000000080800000, 0x0000000088900000, 0x00000000d5800000)
  object space 132096K, 60% used [0x0000000080800000,0x00000000855bba58,0x0000000088900000)
 Metaspace       used 41277K, capacity 42078K, committed 42240K, reserved 1087488K
  class space    used 4850K, capacity 5038K, committed 5120K, reserved 1048576K
}
Event: 94.259 GC heap before
{Heap before GC invocations=20 (full 2):
 PSYoungGen      total 658432K, used 658422K [0x00000000d5800000, 0x0000000100000000, 0x0000000100000000)
  eden space 621568K, 100% used [0x00000000d5800000,0x00000000fb700000,0x00000000fb700000)
  from space 36864K, 99% used [0x00000000fb700000,0x00000000fdafda08,0x00000000fdb00000)
  to   space 37888K, 0% used [0x00000000fdb00000,0x00000000fdb00000,0x0000000100000000)
 ParOldGen       total 132096K, used 79598K [0x0000000080800000, 0x0000000088900000, 0x00000000d5800000)
  object space 132096K, 60% used [0x0000000080800000,0x00000000855bba58,0x0000000088900000)
 Metaspace       used 46071K, capacity 46938K, committed 46976K, reserved 1091584K
  class space    used 5557K, capacity 5755K, committed 5760K, reserved 1048576K
Event: 94.299 GC heap after
Heap after GC invocations=20 (full 2):
 PSYoungGen      total 590848K, used 37862K [0x00000000d5800000, 0x0000000100000000, 0x0000000100000000)
  eden space 552960K, 0% used [0x00000000d5800000,0x00000000d5800000,0x00000000f7400000)
  from space 37888K, 99% used [0x00000000fdb00000,0x00000000ffff9bb0,0x0000000100000000)
  to   space 71680K, 0% used [0x00000000f7400000,0x00000000f7400000,0x00000000fba00000)
 ParOldGen       total 132096K, used 120184K [0x0000000080800000, 0x0000000088900000, 0x00000000d5800000)
  object space 132096K, 90% used [0x0000000080800000,0x0000000087d5e1b8,0x0000000088900000)
 Metaspace       used 46071K, capacity 46938K, committed 46976K, reserved 1091584K
  class space    used 5557K, capacity 5755K, committed 5760K, reserved 1048576K
}
Event: 94.299 GC heap before
{Heap before GC invocations=21 (full 3):
 PSYoungGen      total 590848K, used 37862K [0x00000000d5800000, 0x0000000100000000, 0x0000000100000000)
  eden space 552960K, 0% used [0x00000000d5800000,0x00000000d5800000,0x00000000f7400000)
  from space 37888K, 99% used [0x00000000fdb00000,0x00000000ffff9bb0,0x0000000100000000)
  to   space 71680K, 0% used [0x00000000f7400000,0x00000000f7400000,0x00000000fba00000)
 ParOldGen       total 132096K, used 120184K [0x0000000080800000, 0x0000000088900000, 0x00000000d5800000)
  object space 132096K, 90% used [0x0000000080800000,0x0000000087d5e1b8,0x0000000088900000)
 Metaspace       used 46071K, capacity 46938K, committed 46976K, reserved 1091584K
  class space    used 5557K, capacity 5755K, committed 5760K, reserved 1048576K
Event: 94.413 GC heap after
Heap after GC invocations=21 (full 3):
 PSYoungGen      total 590848K, used 0K [0x00000000d5800000, 0x0000000100000000, 0x0000000100000000)
  eden space 552960K, 0% used [0x00000000d5800000,0x00000000d5800000,0x00000000f7400000)
  from space 37888K, 0% used [0x00000000fdb00000,0x00000000fdb00000,0x0000000100000000)
  to   space 71680K, 0% used [0x00000000f7400000,0x00000000f7400000,0x00000000fba00000)
 ParOldGen       total 216576K, used 94458K [0x0000000080800000, 0x000000008db80000, 0x00000000d5800000)
  object space 216576K, 43% used [0x0000000080800000,0x000000008643e9f8,0x000000008db80000)
 Metaspace       used 45955K, capacity 46658K, committed 46976K, reserved 1091584K
  class space    used 5553K, capacity 5747K, committed 5760K, reserved 1048576K
}
Event: 107.902 GC heap before
{Heap before GC invocations=22 (full 3):
 PSYoungGen      total 590848K, used 552960K [0x00000000d5800000, 0x0000000100000000, 0x0000000100000000)
  eden space 552960K, 100% used [0x00000000d5800000,0x00000000f7400000,0x00000000f7400000)
  from space 37888K, 0% used [0x00000000fdb00000,0x00000000fdb00000,0x0000000100000000)
  to   space 71680K, 0% used [0x00000000f7400000,0x00000000f7400000,0x00000000fba00000)
 ParOldGen       total 216576K, used 94458K [0x0000000080800000, 0x000000008db80000, 0x00000000d5800000)
  object space 216576K, 43% used [0x0000000080800000,0x000000008643e9f8,0x000000008db80000)
 Metaspace       used 54554K, capacity 55362K, committed 55680K, reserved 1097728K
  class space    used 6561K, capacity 6767K, committed 6784K, reserved 1048576K
Event: 107.909 GC heap after
Heap after GC invocations=22 (full 3):
 PSYoungGen      total 624640K, used 16349K [0x00000000d5800000, 0x0000000100000000, 0x0000000100000000)
  eden space 552960K, 0% used [0x00000000d5800000,0x00000000d5800000,0x00000000f7400000)
  from space 71680K, 22% used [0x00000000f7400000,0x00000000f83f74c8,0x00000000fba00000)
  to   space 68608K, 0% used [0x00000000fbd00000,0x00000000fbd00000,0x0000000100000000)
 ParOldGen       total 216576K, used 94466K [0x0000000080800000, 0x000000008db80000, 0x00000000d5800000)
  object space 216576K, 43% used [0x0000000080800000,0x00000000864409f8,0x000000008db80000)
 Metaspace       used 54554K, capacity 55362K, committed 55680K, reserved 1097728K
  class space    used 6561K, capacity 6767K, committed 6784K, reserved 1048576K
}

