# JRE version: Java(TM) SE Runtime Environment (8.0_91-b15) (build 1.8.0_91-b15)
# Java VM: Java HotSpot(TM) 64-Bit Server VM (25.91-b15 mixed mode windows-amd64 compressed oops)
Heap:
 PSYoungGen      total 227328K, used 65533K [0x00000000d5800000, 0x00000000e5500000, 0x0000000100000000)
  eden space 199680K, 32% used [0x00000000d5800000,0x00000000d97a75a0,0x00000000e1b00000)
  from space 27648K, 1% used [0x00000000e3a00000,0x00000000e3a58000,0x00000000e5500000)
  to   space 29696K, 0% used [0x00000000e1b00000,0x00000000e1b00000,0x00000000e3800000)
 ParOldGen       total 126464K, used 100842K [0x0000000080800000, 0x0000000088380000, 0x00000000d5800000)
  object space 126464K, 79% used [0x0000000080800000,0x0000000086a7a938,0x0000000088380000)
 Metaspace       used 64029K, capacity 65066K, committed 65536K, reserved 1107968K
  class space    used 7071K, capacity 7325K, committed 7424K, reserved 1048576K
GC Heap History (10 events):
Event: 5390.747 GC heap before
{Heap before GC invocations=4057 (full 3):
 PSYoungGen      total 169472K, used 148285K [0x00000000d5800000, 0x00000000e3000000, 0x0000000100000000)
  eden space 135680K, 100% used [0x00000000d5800000,0x00000000ddc80000,0x00000000ddc80000)
  from space 33792K, 37% used [0x00000000ddc80000,0x00000000de8cf638,0x00000000dfd80000)
  to   space 31744K, 0% used [0x00000000e1100000,0x00000000e1100000,0x00000000e3000000)
 ParOldGen       total 126464K, used 86247K [0x0000000080800000, 0x0000000088380000, 0x00000000d5800000)
  object space 126464K, 68% used [0x0000000080800000,0x0000000085c39c80,0x0000000088380000)
 Metaspace       used 61812K, capacity 62846K, committed 63232K, reserved 1105920K
  class space    used 6788K, capacity 7035K, committed 7168K, reserved 1048576K
Event: 5390.758 GC heap after
Heap after GC invocations=4057 (full 3):
 PSYoungGen      total 186368K, used 15201K [0x00000000d5800000, 0x00000000e2d80000, 0x0000000100000000)
  eden space 157184K, 0% used [0x00000000d5800000,0x00000000d5800000,0x00000000df180000)
  from space 29184K, 52% used [0x00000000e1100000,0x00000000e1fd8540,0x00000000e2d80000)
  to   space 30720K, 0% used [0x00000000df180000,0x00000000df180000,0x00000000e0f80000)
 ParOldGen       total 126464K, used 89276K [0x0000000080800000, 0x0000000088380000, 0x00000000d5800000)
  object space 126464K, 70% used [0x0000000080800000,0x0000000085f2f150,0x0000000088380000)
 Metaspace       used 61812K, capacity 62846K, committed 63232K, reserved 1105920K
  class space    used 6788K, capacity 7035K, committed 7168K, reserved 1048576K
}
Event: 5401.774 GC heap before
{Heap before GC invocations=4058 (full 3):
 PSYoungGen      total 186368K, used 172385K [0x00000000d5800000, 0x00000000e2d80000, 0x0000000100000000)
  eden space 157184K, 100% used [0x00000000d5800000,0x00000000df180000,0x00000000df180000)
  from space 29184K, 52% used [0x00000000e1100000,0x00000000e1fd8540,0x00000000e2d80000)
  to   space 30720K, 0% used [0x00000000df180000,0x00000000df180000,0x00000000e0f80000)
 ParOldGen       total 126464K, used 89276K [0x0000000080800000, 0x0000000088380000, 0x00000000d5800000)
  object space 126464K, 70% used [0x0000000080800000,0x0000000085f2f150,0x0000000088380000)
 Metaspace       used 63990K, capacity 65002K, committed 65280K, reserved 1107968K
  class space    used 7070K, capacity 7325K, committed 7424K, reserved 1048576K
Event: 5401.780 GC heap after
Heap after GC invocations=4058 (full 3):
 PSYoungGen      total 187904K, used 9736K [0x00000000d5800000, 0x00000000e4180000, 0x0000000100000000)
  eden space 157184K, 0% used [0x00000000d5800000,0x00000000d5800000,0x00000000df180000)
  from space 30720K, 31% used [0x00000000df180000,0x00000000dfb02288,0x00000000e0f80000)
  to   space 29184K, 0% used [0x00000000e2500000,0x00000000e2500000,0x00000000e4180000)
 ParOldGen       total 126464K, used 93684K [0x0000000080800000, 0x0000000088380000, 0x00000000d5800000)
  object space 126464K, 74% used [0x0000000080800000,0x000000008637d080,0x0000000088380000)
 Metaspace       used 63990K, capacity 65002K, committed 65280K, reserved 1107968K
  class space    used 7070K, capacity 7325K, committed 7424K, reserved 1048576K
}
Event: 5402.534 GC heap before
{Heap before GC invocations=4059 (full 3):
 PSYoungGen      total 187904K, used 166920K [0x00000000d5800000, 0x00000000e4180000, 0x0000000100000000)
  eden space 157184K, 100% used [0x00000000d5800000,0x00000000df180000,0x00000000df180000)
  from space 30720K, 31% used [0x00000000df180000,0x00000000dfb02288,0x00000000e0f80000)
  to   space 29184K, 0% used [0x00000000e2500000,0x00000000e2500000,0x00000000e4180000)
 ParOldGen       total 126464K, used 93684K [0x0000000080800000, 0x0000000088380000, 0x00000000d5800000)
  object space 126464K, 74% used [0x0000000080800000,0x000000008637d080,0x0000000088380000)
 Metaspace       used 63990K, capacity 65002K, committed 65280K, reserved 1107968K
  class space    used 7070K, capacity 7325K, committed 7424K, reserved 1048576K
Event: 5402.537 GC heap after
Heap after GC invocations=4059 (full 3):
 PSYoungGen      total 207872K, used 224K [0x00000000d5800000, 0x00000000e4100000, 0x0000000100000000)
  eden space 179200K, 0% used [0x00000000d5800000,0x00000000d5800000,0x00000000e0700000)
  from space 28672K, 0% used [0x00000000e2500000,0x00000000e2538000,0x00000000e4100000)
  to   space 29696K, 0% used [0x00000000e0700000,0x00000000e0700000,0x00000000e2400000)
 ParOldGen       total 126464K, used 100834K [0x0000000080800000, 0x0000000088380000, 0x00000000d5800000)
  object space 126464K, 79% used [0x0000000080800000,0x0000000086a78938,0x0000000088380000)
 Metaspace       used 63990K, capacity 65002K, committed 65280K, reserved 1107968K
  class space    used 7070K, capacity 7325K, committed 7424K, reserved 1048576K
}
Event: 5413.440 GC heap before
{Heap before GC invocations=4060 (full 3):
 PSYoungGen      total 207872K, used 179424K [0x00000000d5800000, 0x00000000e4100000, 0x0000000100000000)
  eden space 179200K, 100% used [0x00000000d5800000,0x00000000e0700000,0x00000000e0700000)
  from space 28672K, 0% used [0x00000000e2500000,0x00000000e2538000,0x00000000e4100000)
  to   space 29696K, 0% used [0x00000000e0700000,0x00000000e0700000,0x00000000e2400000)
 ParOldGen       total 126464K, used 100834K [0x0000000080800000, 0x0000000088380000, 0x00000000d5800000)
  object space 126464K, 79% used [0x0000000080800000,0x0000000086a78938,0x0000000088380000)
 Metaspace       used 63990K, capacity 65002K, committed 65280K, reserved 1107968K
  class space    used 7070K, capacity 7325K, committed 7424K, reserved 1048576K
Event: 5413.441 GC heap after
Heap after GC invocations=4060 (full 3):
 PSYoungGen      total 208896K, used 352K [0x00000000d5800000, 0x00000000e5700000, 0x0000000100000000)
  eden space 179200K, 0% used [0x00000000d5800000,0x00000000d5800000,0x00000000e0700000)
  from space 29696K, 1% used [0x00000000e0700000,0x00000000e0758000,0x00000000e2400000)
  to   space 29696K, 0% used [0x00000000e3a00000,0x00000000e3a00000,0x00000000e5700000)
 ParOldGen       total 126464K, used 100834K [0x0000000080800000, 0x0000000088380000, 0x00000000d5800000)
  object space 126464K, 79% used [0x0000000080800000,0x0000000086a78938,0x0000000088380000)
 Metaspace       used 63990K, capacity 65002K, committed 65280K, reserved 1107968K
  class space    used 7070K, capacity 7325K, committed 7424K, reserved 1048576K
}
Event: 5414.322 GC heap before
{Heap before GC invocations=4061 (full 3):
 PSYoungGen      total 208896K, used 179552K [0x00000000d5800000, 0x00000000e5700000, 0x0000000100000000)
  eden space 179200K, 100% used [0x00000000d5800000,0x00000000e0700000,0x00000000e0700000)
  from space 29696K, 1% used [0x00000000e0700000,0x00000000e0758000,0x00000000e2400000)
  to   space 29696K, 0% used [0x00000000e3a00000,0x00000000e3a00000,0x00000000e5700000)
 ParOldGen       total 126464K, used 100834K [0x0000000080800000, 0x0000000088380000, 0x00000000d5800000)
  object space 126464K, 79% used [0x0000000080800000,0x0000000086a78938,0x0000000088380000)
 Metaspace       used 63990K, capacity 65002K, committed 65280K, reserved 1107968K
  class space    used 7070K, capacity 7325K, committed 7424K, reserved 1048576K
Event: 5414.323 GC heap after
Heap after GC invocations=4061 (full 3):
 PSYoungGen      total 227328K, used 352K [0x00000000d5800000, 0x00000000e5500000, 0x0000000100000000)
  eden space 199680K, 0% used [0x00000000d5800000,0x00000000d5800000,0x00000000e1b00000)
  from space 27648K, 1% used [0x00000000e3a00000,0x00000000e3a58000,0x00000000e5500000)
  to   space 29696K, 0% used [0x00000000e1b00000,0x00000000e1b00000,0x00000000e3800000)
 ParOldGen       total 126464K, used 100842K [0x0000000080800000, 0x0000000088380000, 0x00000000d5800000)
  object space 126464K, 79% used [0x0000000080800000,0x0000000086a7a938,0x0000000088380000)
 Metaspace       used 63990K, capacity 65002K, committed 65280K, reserved 1107968K
  class space    used 7070K, capacity 7325K, committed 7424K, reserved 1048576K
}

