# JRE version: Java(TM) SE Runtime Environment (8.0_91-b15) (build 1.8.0_91-b15)
# Java VM: Java HotSpot(TM) 64-Bit Server VM (25.91-b15 mixed mode windows-amd64 compressed oops)
Heap:
 PSYoungGen      total 550912K, used 225397K [0x00000000d5800000, 0x00000000fb980000, 0x0000000100000000)
  eden space 516608K, 43% used [0x00000000d5800000,0x00000000e33cd6b0,0x00000000f5080000)
  from space 34304K, 0% used [0x00000000f7680000,0x00000000f76d0000,0x00000000f9800000)
  to   space 32768K, 0% used [0x00000000f9980000,0x00000000f9980000,0x00000000fb980000)
 ParOldGen       total 116224K, used 47024K [0x0000000080800000, 0x0000000087980000, 0x00000000d5800000)
  object space 116224K, 40% used [0x0000000080800000,0x00000000835ec3c8,0x0000000087980000)
 Metaspace       used 40467K, capacity 41210K, committed 41600K, reserved 1085440K
  class space    used 4761K, capacity 4931K, committed 4992K, reserved 1048576K
GC Heap History (10 events):
Event: 100.136 GC heap before
{Heap before GC invocations=19 (full 2):
 PSYoungGen      total 658432K, used 621376K [0x00000000d5800000, 0x00000000fff80000, 0x0000000100000000)
  eden space 621056K, 100% used [0x00000000d5800000,0x00000000fb680000,0x00000000fb680000)
  from space 37376K, 0% used [0x00000000fdb00000,0x00000000fdb50000,0x00000000fff80000)
  to   space 37376K, 0% used [0x00000000fb680000,0x00000000fb680000,0x00000000fdb00000)
 ParOldGen       total 116224K, used 47024K [0x0000000080800000, 0x0000000087980000, 0x00000000d5800000)
  object space 116224K, 40% used [0x0000000080800000,0x00000000835ec3c8,0x0000000087980000)
 Metaspace       used 40430K, capacity 41210K, committed 41600K, reserved 1085440K
  class space    used 4760K, capacity 4931K, committed 4992K, reserved 1048576K
Event: 100.138 GC heap after
Heap after GC invocations=19 (full 2):
 PSYoungGen      total 658432K, used 320K [0x00000000d5800000, 0x00000000fff00000, 0x0000000100000000)
  eden space 621056K, 0% used [0x00000000d5800000,0x00000000d5800000,0x00000000fb680000)
  from space 37376K, 0% used [0x00000000fb680000,0x00000000fb6d0000,0x00000000fdb00000)
  to   space 36864K, 0% used [0x00000000fdb00000,0x00000000fdb00000,0x00000000fff00000)
 ParOldGen       total 116224K, used 47024K [0x0000000080800000, 0x0000000087980000, 0x00000000d5800000)
  object space 116224K, 40% used [0x0000000080800000,0x00000000835ec3c8,0x0000000087980000)
 Metaspace       used 40430K, capacity 41210K, committed 41600K, reserved 1085440K
  class space    used 4760K, capacity 4931K, committed 4992K, reserved 1048576K
}
Event: 122.990 GC heap before
{Heap before GC invocations=20 (full 2):
 PSYoungGen      total 658432K, used 621376K [0x00000000d5800000, 0x00000000fff00000, 0x0000000100000000)
  eden space 621056K, 100% used [0x00000000d5800000,0x00000000fb680000,0x00000000fb680000)
  from space 37376K, 0% used [0x00000000fb680000,0x00000000fb6d0000,0x00000000fdb00000)
  to   space 36864K, 0% used [0x00000000fdb00000,0x00000000fdb00000,0x00000000fff00000)
 ParOldGen       total 116224K, used 47024K [0x0000000080800000, 0x0000000087980000, 0x00000000d5800000)
  object space 116224K, 40% used [0x0000000080800000,0x00000000835ec3c8,0x0000000087980000)
 Metaspace       used 40430K, capacity 41210K, committed 41600K, reserved 1085440K
  class space    used 4760K, capacity 4931K, committed 4992K, reserved 1048576K
Event: 122.992 GC heap after
Heap after GC invocations=20 (full 2):
 PSYoungGen      total 600064K, used 352K [0x00000000d5800000, 0x00000000fe200000, 0x0000000100000000)
  eden space 592896K, 0% used [0x00000000d5800000,0x00000000d5800000,0x00000000f9b00000)
  from space 7168K, 4% used [0x00000000fdb00000,0x00000000fdb58000,0x00000000fe200000)
  to   space 36352K, 0% used [0x00000000f9b00000,0x00000000f9b00000,0x00000000fbe80000)
 ParOldGen       total 116224K, used 47024K [0x0000000080800000, 0x0000000087980000, 0x00000000d5800000)
  object space 116224K, 40% used [0x0000000080800000,0x00000000835ec3c8,0x0000000087980000)
 Metaspace       used 40430K, capacity 41210K, committed 41600K, reserved 1085440K
  class space    used 4760K, capacity 4931K, committed 4992K, reserved 1048576K
}
Event: 145.678 GC heap before
{Heap before GC invocations=21 (full 2):
 PSYoungGen      total 600064K, used 593248K [0x00000000d5800000, 0x00000000fe200000, 0x0000000100000000)
  eden space 592896K, 100% used [0x00000000d5800000,0x00000000f9b00000,0x00000000f9b00000)
  from space 7168K, 4% used [0x00000000fdb00000,0x00000000fdb58000,0x00000000fe200000)
  to   space 36352K, 0% used [0x00000000f9b00000,0x00000000f9b00000,0x00000000fbe80000)
 ParOldGen       total 116224K, used 47024K [0x0000000080800000, 0x0000000087980000, 0x00000000d5800000)
  object space 116224K, 40% used [0x0000000080800000,0x00000000835ec3c8,0x0000000087980000)
 Metaspace       used 40430K, capacity 41210K, committed 41600K, reserved 1085440K
  class space    used 4760K, capacity 4931K, committed 4992K, reserved 1048576K
Event: 145.680 GC heap after
Heap after GC invocations=21 (full 2):
 PSYoungGen      total 566784K, used 288K [0x00000000d5800000, 0x00000000fdb80000, 0x0000000100000000)
  eden space 566272K, 0% used [0x00000000d5800000,0x00000000d5800000,0x00000000f8100000)
  from space 512K, 56% used [0x00000000f9b00000,0x00000000f9b48000,0x00000000f9b80000)
  to   space 35328K, 0% used [0x00000000fb900000,0x00000000fb900000,0x00000000fdb80000)
 ParOldGen       total 116224K, used 47024K [0x0000000080800000, 0x0000000087980000, 0x00000000d5800000)
  object space 116224K, 40% used [0x0000000080800000,0x00000000835ec3c8,0x0000000087980000)
 Metaspace       used 40430K, capacity 41210K, committed 41600K, reserved 1085440K
  class space    used 4760K, capacity 4931K, committed 4992K, reserved 1048576K
}
Event: 158.305 GC heap before
{Heap before GC invocations=22 (full 2):
 PSYoungGen      total 566784K, used 566560K [0x00000000d5800000, 0x00000000fdb80000, 0x0000000100000000)
  eden space 566272K, 100% used [0x00000000d5800000,0x00000000f8100000,0x00000000f8100000)
  from space 512K, 56% used [0x00000000f9b00000,0x00000000f9b48000,0x00000000f9b80000)
  to   space 35328K, 0% used [0x00000000fb900000,0x00000000fb900000,0x00000000fdb80000)
 ParOldGen       total 116224K, used 47024K [0x0000000080800000, 0x0000000087980000, 0x00000000d5800000)
  object space 116224K, 40% used [0x0000000080800000,0x00000000835ec3c8,0x0000000087980000)
 Metaspace       used 40434K, capacity 41210K, committed 41600K, reserved 1085440K
  class space    used 4760K, capacity 4931K, committed 4992K, reserved 1048576K
Event: 158.307 GC heap after
Heap after GC invocations=22 (full 2):
 PSYoungGen      total 541184K, used 320K [0x00000000d5800000, 0x00000000fb980000, 0x0000000100000000)
  eden space 540672K, 0% used [0x00000000d5800000,0x00000000d5800000,0x00000000f6800000)
  from space 512K, 62% used [0x00000000fb900000,0x00000000fb950000,0x00000000fb980000)
  to   space 34304K, 0% used [0x00000000f7680000,0x00000000f7680000,0x00000000f9800000)
 ParOldGen       total 116224K, used 47024K [0x0000000080800000, 0x0000000087980000, 0x00000000d5800000)
  object space 116224K, 40% used [0x0000000080800000,0x00000000835ec3c8,0x0000000087980000)
 Metaspace       used 40434K, capacity 41210K, committed 41600K, reserved 1085440K
  class space    used 4760K, capacity 4931K, committed 4992K, reserved 1048576K
}
Event: 180.793 GC heap before
{Heap before GC invocations=23 (full 2):
 PSYoungGen      total 541184K, used 540992K [0x00000000d5800000, 0x00000000fb980000, 0x0000000100000000)
  eden space 540672K, 100% used [0x00000000d5800000,0x00000000f6800000,0x00000000f6800000)
  from space 512K, 62% used [0x00000000fb900000,0x00000000fb950000,0x00000000fb980000)
  to   space 34304K, 0% used [0x00000000f7680000,0x00000000f7680000,0x00000000f9800000)
 ParOldGen       total 116224K, used 47024K [0x0000000080800000, 0x0000000087980000, 0x00000000d5800000)
  object space 116224K, 40% used [0x0000000080800000,0x00000000835ec3c8,0x0000000087980000)
 Metaspace       used 40451K, capacity 41210K, committed 41600K, reserved 1085440K
  class space    used 4761K, capacity 4931K, committed 4992K, reserved 1048576K
Event: 180.795 GC heap after
Heap after GC invocations=23 (full 2):
 PSYoungGen      total 550912K, used 320K [0x00000000d5800000, 0x00000000fb980000, 0x0000000100000000)
  eden space 516608K, 0% used [0x00000000d5800000,0x00000000d5800000,0x00000000f5080000)
  from space 34304K, 0% used [0x00000000f7680000,0x00000000f76d0000,0x00000000f9800000)
  to   space 32768K, 0% used [0x00000000f9980000,0x00000000f9980000,0x00000000fb980000)
 ParOldGen       total 116224K, used 47024K [0x0000000080800000, 0x0000000087980000, 0x00000000d5800000)
  object space 116224K, 40% used [0x0000000080800000,0x00000000835ec3c8,0x0000000087980000)
 Metaspace       used 40451K, capacity 41210K, committed 41600K, reserved 1085440K
  class space    used 4761K, capacity 4931K, committed 4992K, reserved 1048576K
}

