# JRE version: Java(TM) SE Runtime Environment (8.0_91-b15) (build 1.8.0_91-b15)
# Java VM: Java HotSpot(TM) 64-Bit Server VM (25.91-b15 mixed mode windows-amd64 compressed oops)
Heap:
 PSYoungGen      total 500224K, used 246424K [0x00000000d5800000, 0x0000000100000000, 0x0000000100000000)
  eden space 496640K, 48% used [0x00000000d5800000,0x00000000e459d168,0x00000000f3d00000)
  from space 3584K, 86% used [0x00000000f3d00000,0x00000000f4008f08,0x00000000f4080000)
  to   space 101888K, 0% used [0x00000000f9c80000,0x00000000f9c80000,0x0000000100000000)
 ParOldGen       total 194048K, used 88016K [0x0000000080800000, 0x000000008c580000, 0x00000000d5800000)
  object space 194048K, 45% used [0x0000000080800000,0x0000000085df4040,0x000000008c580000)
 Metaspace       used 115756K, capacity 117110K, committed 125612K, reserved 1159168K
  class space    used 14245K, capacity 14563K, committed 16128K, reserved 1048576K
GC Heap History (10 events):
Event: 708.489 GC heap before
{Heap before GC invocations=70 (full 4):
 PSYoungGen      total 547840K, used 547588K [0x00000000d5800000, 0x00000000ff900000, 0x0000000100000000)
  eden space 506880K, 100% used [0x00000000d5800000,0x00000000f4700000,0x00000000f4700000)
  from space 40960K, 99% used [0x00000000f4700000,0x00000000f6ec12f0,0x00000000f6f00000)
  to   space 90112K, 0% used [0x00000000fa100000,0x00000000fa100000,0x00000000ff900000)
 ParOldGen       total 197120K, used 91038K [0x0000000080800000, 0x000000008c880000, 0x00000000d5800000)
  object space 197120K, 46% used [0x0000000080800000,0x00000000860e7890,0x000000008c880000)
 Metaspace       used 115481K, capacity 116862K, committed 117504K, reserved 1153024K
  class space    used 14194K, capacity 14502K, committed 14592K, reserved 1048576K
Event: 708.508 GC heap after
Heap after GC invocations=70 (full 4):
 PSYoungGen      total 600576K, used 48569K [0x00000000d5800000, 0x0000000100000000, 0x0000000100000000)
  eden space 510464K, 0% used [0x00000000d5800000,0x00000000d5800000,0x00000000f4a80000)
  from space 90112K, 53% used [0x00000000fa100000,0x00000000fd06e6e8,0x00000000ff900000)
  to   space 88576K, 0% used [0x00000000f4a80000,0x00000000f4a80000,0x00000000fa100000)
 ParOldGen       total 197120K, used 91206K [0x0000000080800000, 0x000000008c880000, 0x00000000d5800000)
  object space 197120K, 46% used [0x0000000080800000,0x0000000086111890,0x000000008c880000)
 Metaspace       used 115481K, capacity 116862K, committed 117504K, reserved 1153024K
  class space    used 14194K, capacity 14502K, committed 14592K, reserved 1048576K
}
Event: 709.644 GC heap before
{Heap before GC invocations=71 (full 4):
 PSYoungGen      total 600576K, used 559033K [0x00000000d5800000, 0x0000000100000000, 0x0000000100000000)
  eden space 510464K, 100% used [0x00000000d5800000,0x00000000f4a80000,0x00000000f4a80000)
  from space 90112K, 53% used [0x00000000fa100000,0x00000000fd06e6e8,0x00000000ff900000)
  to   space 88576K, 0% used [0x00000000f4a80000,0x00000000f4a80000,0x00000000fa100000)
 ParOldGen       total 197120K, used 91206K [0x0000000080800000, 0x000000008c880000, 0x00000000d5800000)
  object space 197120K, 46% used [0x0000000080800000,0x0000000086111890,0x000000008c880000)
 Metaspace       used 115481K, capacity 116862K, committed 117504K, reserved 1153024K
  class space    used 14194K, capacity 14502K, committed 14592K, reserved 1048576K
Event: 709.678 GC heap after
Heap after GC invocations=71 (full 4):
 PSYoungGen      total 598016K, used 87445K [0x00000000d5800000, 0x0000000100000000, 0x0000000100000000)
  eden space 510464K, 0% used [0x00000000d5800000,0x00000000d5800000,0x00000000f4a80000)
  from space 87552K, 99% used [0x00000000f4a80000,0x00000000f9fe5480,0x00000000fa000000)
  to   space 98304K, 0% used [0x00000000fa000000,0x00000000fa000000,0x0000000100000000)
 ParOldGen       total 197120K, used 93700K [0x0000000080800000, 0x000000008c880000, 0x00000000d5800000)
  object space 197120K, 47% used [0x0000000080800000,0x00000000863810c0,0x000000008c880000)
 Metaspace       used 115481K, capacity 116862K, committed 117504K, reserved 1153024K
  class space    used 14194K, capacity 14502K, committed 14592K, reserved 1048576K
}
Event: 712.395 GC heap before
{Heap before GC invocations=72 (full 4):
 PSYoungGen      total 598016K, used 528208K [0x00000000d5800000, 0x0000000100000000, 0x0000000100000000)
  eden space 510464K, 86% used [0x00000000d5800000,0x00000000f066eef8,0x00000000f4a80000)
  from space 87552K, 99% used [0x00000000f4a80000,0x00000000f9fe5480,0x00000000fa000000)
  to   space 98304K, 0% used [0x00000000fa000000,0x00000000fa000000,0x0000000100000000)
 ParOldGen       total 197120K, used 93700K [0x0000000080800000, 0x000000008c880000, 0x00000000d5800000)
  object space 197120K, 47% used [0x0000000080800000,0x00000000863810c0,0x000000008c880000)
 Metaspace       used 127808K, capacity 129254K, committed 129708K, reserved 1163264K
  class space    used 15806K, capacity 16122K, committed 16128K, reserved 1048576K
Event: 712.415 GC heap after
Heap after GC invocations=72 (full 4):
 PSYoungGen      total 594944K, used 55084K [0x00000000d5800000, 0x0000000100000000, 0x0000000100000000)
  eden space 496640K, 0% used [0x00000000d5800000,0x00000000d5800000,0x00000000f3d00000)
  from space 98304K, 56% used [0x00000000fa000000,0x00000000fd5cb368,0x0000000100000000)
  to   space 99840K, 0% used [0x00000000f3d00000,0x00000000f3d00000,0x00000000f9e80000)
 ParOldGen       total 197120K, used 93820K [0x0000000080800000, 0x000000008c880000, 0x00000000d5800000)
  object space 197120K, 47% used [0x0000000080800000,0x000000008639f0c0,0x000000008c880000)
 Metaspace       used 127808K, capacity 129254K, committed 129708K, reserved 1163264K
  class space    used 15806K, capacity 16122K, committed 16128K, reserved 1048576K
}
Event: 712.415 GC heap before
{Heap before GC invocations=73 (full 5):
 PSYoungGen      total 594944K, used 55084K [0x00000000d5800000, 0x0000000100000000, 0x0000000100000000)
  eden space 496640K, 0% used [0x00000000d5800000,0x00000000d5800000,0x00000000f3d00000)
  from space 98304K, 56% used [0x00000000fa000000,0x00000000fd5cb368,0x0000000100000000)
  to   space 99840K, 0% used [0x00000000f3d00000,0x00000000f3d00000,0x00000000f9e80000)
 ParOldGen       total 197120K, used 93820K [0x0000000080800000, 0x000000008c880000, 0x00000000d5800000)
  object space 197120K, 47% used [0x0000000080800000,0x000000008639f0c0,0x000000008c880000)
 Metaspace       used 127808K, capacity 129254K, committed 129708K, reserved 1163264K
  class space    used 15806K, capacity 16122K, committed 16128K, reserved 1048576K
Event: 712.540 GC heap after
Heap after GC invocations=73 (full 5):
 PSYoungGen      total 594944K, used 0K [0x00000000d5800000, 0x0000000100000000, 0x0000000100000000)
  eden space 496640K, 0% used [0x00000000d5800000,0x00000000d5800000,0x00000000f3d00000)
  from space 98304K, 0% used [0x00000000fa000000,0x00000000fa000000,0x0000000100000000)
  to   space 99840K, 0% used [0x00000000f3d00000,0x00000000f3d00000,0x00000000f9e80000)
 ParOldGen       total 194048K, used 88008K [0x0000000080800000, 0x000000008c580000, 0x00000000d5800000)
  object space 194048K, 45% used [0x0000000080800000,0x0000000085df2040,0x000000008c580000)
 Metaspace       used 114665K, capacity 115976K, committed 125612K, reserved 1159168K
  class space    used 14101K, capacity 14400K, committed 16128K, reserved 1048576K
}
Event: 735.120 GC heap before
{Heap before GC invocations=74 (full 5):
 PSYoungGen      total 594944K, used 496640K [0x00000000d5800000, 0x0000000100000000, 0x0000000100000000)
  eden space 496640K, 100% used [0x00000000d5800000,0x00000000f3d00000,0x00000000f3d00000)
  from space 98304K, 0% used [0x00000000fa000000,0x00000000fa000000,0x0000000100000000)
  to   space 99840K, 0% used [0x00000000f3d00000,0x00000000f3d00000,0x00000000f9e80000)
 ParOldGen       total 194048K, used 88008K [0x0000000080800000, 0x000000008c580000, 0x00000000d5800000)
  object space 194048K, 45% used [0x0000000080800000,0x0000000085df2040,0x000000008c580000)
 Metaspace       used 115756K, capacity 117110K, committed 125612K, reserved 1159168K
  class space    used 14245K, capacity 14563K, committed 16128K, reserved 1048576K
Event: 735.123 GC heap after
Heap after GC invocations=74 (full 5):
 PSYoungGen      total 500224K, used 3107K [0x00000000d5800000, 0x0000000100000000, 0x0000000100000000)
  eden space 496640K, 0% used [0x00000000d5800000,0x00000000d5800000,0x00000000f3d00000)
  from space 3584K, 86% used [0x00000000f3d00000,0x00000000f4008f08,0x00000000f4080000)
  to   space 101888K, 0% used [0x00000000f9c80000,0x00000000f9c80000,0x0000000100000000)
 ParOldGen       total 194048K, used 88016K [0x0000000080800000, 0x000000008c580000, 0x00000000d5800000)
  object space 194048K, 45% used [0x0000000080800000,0x0000000085df4040,0x000000008c580000)
 Metaspace       used 115756K, capacity 117110K, committed 125612K, reserved 1159168K
  class space    used 14245K, capacity 14563K, committed 16128K, reserved 1048576K
}

